Build started 11/03/2016 16:14:03.
     1>Project "E:\UNI BACKUP 29.9.15 WIPE\My Documents\2014-15\Data structures and algorithms\cw2\Main\Main\Main.vcxproj" on node 2 (Build target(s)).
     1>ClCompile:
         C:\Program Files (x86)\Microsoft Visual Studio 12.0\VC\bin\CL.exe /c /ZI /nologo /W3 /WX- /Od /Oy- /D WIN32 /D _DEBUG /D _CONSOLE /D _LIB /D _UNICODE /D UNICODE /Gm /EHsc /RTC1 /MDd /GS /fp:precise /Zc:wchar_t /Zc:forScope /Fo"Debug\\" /Fd"Debug\vc120.pdb" /Gd /TP /analyze- /errorReport:prompt Main.cpp
         Main.cpp
     1>e:\uni backup 29.9.15 wipe\my documents\2014-15\data structures and algorithms\cw2\main\main\main.cpp(345): warning C4244: 'return' : conversion from 'float' to 'int', possible loss of data
     1>e:\uni backup 29.9.15 wipe\my documents\2014-15\data structures and algorithms\cw2\main\main\main.cpp(377): warning C4018: '<' : signed/unsigned mismatch
     1>e:\uni backup 29.9.15 wipe\my documents\2014-15\data structures and algorithms\cw2\main\main\main.cpp(379): warning C4150: deletion of pointer to incomplete type 'State'; no destructor called
                 e:\uni backup 29.9.15 wipe\my documents\2014-15\data structures and algorithms\cw2\main\main\main.cpp(21) : see declaration of 'State'
     1>e:\uni backup 29.9.15 wipe\my documents\2014-15\data structures and algorithms\cw2\main\main\main.cpp(985): warning C4309: 'initializing' : truncation of constant value
     1>e:\uni backup 29.9.15 wipe\my documents\2014-15\data structures and algorithms\cw2\main\main\main.cpp(1001): warning C4244: '=' : conversion from 'double' to 'int', possible loss of data
     1>e:\uni backup 29.9.15 wipe\my documents\2014-15\data structures and algorithms\cw2\main\main\main.cpp(1003): warning C4244: '=' : conversion from 'double' to 'int', possible loss of data
     1>e:\uni backup 29.9.15 wipe\my documents\2014-15\data structures and algorithms\cw2\main\main\main.cpp(1006): warning C4244: '=' : conversion from 'double' to 'int', possible loss of data
       Link:
         C:\Program Files (x86)\Microsoft Visual Studio 12.0\VC\bin\link.exe /ERRORREPORT:PROMPT /OUT:"E:\UNI BACKUP 29.9.15 WIPE\My Documents\2014-15\Data structures and algorithms\cw2\Main\Debug\Main.exe" /INCREMENTAL /NOLOGO kernel32.lib user32.lib gdi32.lib winspool.lib comdlg32.lib advapi32.lib shell32.lib ole32.lib oleaut32.lib uuid.lib odbc32.lib odbccp32.lib /MANIFEST /MANIFESTUAC:"level='asInvoker' uiAccess='false'" /manifest:embed /DEBUG /PDB:"E:\UNI BACKUP 29.9.15 WIPE\My Documents\2014-15\Data structures and algorithms\cw2\Main\Debug\Main.pdb" /SUBSYSTEM:CONSOLE /TLBID:1 /DYNAMICBASE /NXCOMPAT /IMPLIB:"E:\UNI BACKUP 29.9.15 WIPE\My Documents\2014-15\Data structures and algorithms\cw2\Main\Debug\Main.lib" /MACHINE:X86 Debug\Main.obj
         LINK : E:\UNI BACKUP 29.9.15 WIPE\My Documents\2014-15\Data structures and algorithms\cw2\Main\Debug\Main.exe not found or not built by the last incremental link; performing full link
         Main.vcxproj -> E:\UNI BACKUP 29.9.15 WIPE\My Documents\2014-15\Data structures and algorithms\cw2\Main\Debug\Main.exe
     1>Done Building Project "E:\UNI BACKUP 29.9.15 WIPE\My Documents\2014-15\Data structures and algorithms\cw2\Main\Main\Main.vcxproj" (Build target(s)).

Build succeeded.

Time Elapsed 00:00:02.52
